<?xml version="1.0" encoding="UTF-8"?>
<!-- Generated by org.testng.reporters.JUnitXMLReporter -->
<testsuite ignored="0" hostname="DESKTOP-JCQP1JJ" failures="0" tests="4" name="Default test" time="95.187" errors="0" timestamp="2025-03-07T02:19:09 ICT">
  <testcase classname="quanlihocky.Khoa_HK" name="AuthenTk" time="52.688"/>
  <testcase classname="quanlihocky.Khoa_HK" name="ClickHocKy" time="22.09"/>
  <testcase classname="quanlihocky.Khoa_HK" name="TimKiemHK651" time="9.83"/>
  <testcase classname="quanlihocky.Khoa_HK" name="KhoaHK651" time="3.231"/>
</testsuite> <!-- Default test -->
